ONEUS/app/build/intermediates/manifest_merge_blame_file/debug/manifest-merger-blame-debug-report.txt
1<?xml version="1.0" encoding="utf-8"?>
2<manifest xmlns:android="http://schemas.android.com/apk/res/android"
3    package="com.example.oneus"
4    android:versionCode="1"
5    android:versionName="1.0" >
6
7    <uses-sdk
8        android:minSdkVersion="28"
8-->src\main\AndroidManifest.xml
9        android:targetSdkVersion="32" />
9-->src\main\AndroidManifest.xml
10
11    <uses-permission
11-->src\main\AndroidManifest.xml:5:5-81
12        android:name="android.permission.WRITE_EXTERNAL_STORAGE"
12-->src\main\AndroidManifest.xml:5:22-78
13        android:maxSdkVersion="28" />
13-->[ds-photo-editor-sdk.aar] AndroidManifest.xml:14:9-35
14    <uses-permission android:name="android.permission.INTERNET" />
14-->src\main\AndroidManifest.xml:6:5-67
14-->src\main\AndroidManifest.xml:6:22-64
15    <uses-permission android:name="android.permission.READ_EXTERNAL_STORAGE" />
15-->src\main\AndroidManifest.xml:7:5-80
15-->src\main\AndroidManifest.xml:7:22-77
16    <uses-permission android:name="android.permission.ACCESS_NETWORK_STATE" />
16-->src\main\AndroidManifest.xml:8:5-78
16-->src\main\AndroidManifest.xml:8:22-76
17    <uses-permission android:name="android.permission.SET_WALLPAPER" />
17-->src\main\AndroidManifest.xml:9:5-71
17-->src\main\AndroidManifest.xml:9:22-69
18
19    <application
19-->src\main\AndroidManifest.xml:11:5-58:19
20        android:allowBackup="true"
20-->src\main\AndroidManifest.xml:12:9-35
21        android:appComponentFactory="androidx.core.app.CoreComponentFactory"
21-->[androidx.core:core:1.7.0] AndroidManifest.xml:24:18-86
22        android:debuggable="true"
23        android:extractNativeLibs="false"
24        android:icon="@mipmap/ic_launcher"
24-->src\main\AndroidManifest.xml:13:9-43
25        android:label="@string/app_name"
25-->src\main\AndroidManifest.xml:14:9-41
26        android:largeHeap="true"
26-->src\main\AndroidManifest.xml:17:9-33
27        android:roundIcon="@mipmap/ic_launcher_round"
27-->src\main\AndroidManifest.xml:15:9-54
28        android:supportsRtl="true"
28-->src\main\AndroidManifest.xml:16:9-35
29        android:testOnly="true"
30        android:theme="@style/Theme.ONEUS" >
30-->src\main\AndroidManifest.xml:18:9-43
31        <activity
31-->src\main\AndroidManifest.xml:19:9-21:40
32            android:name="com.example.oneus.EditActivity"
32-->src\main\AndroidManifest.xml:20:13-41
33            android:exported="false" />
33-->src\main\AndroidManifest.xml:21:13-37
34        <activity
34-->src\main\AndroidManifest.xml:22:9-24:40
35            android:name="com.example.oneus.ListImageOfAlbum"
35-->src\main\AndroidManifest.xml:23:13-45
36            android:exported="false" />
36-->src\main\AndroidManifest.xml:24:13-37
37        <activity
37-->src\main\AndroidManifest.xml:25:9-33:20
38            android:name="com.example.oneus.SplashActivity"
38-->src\main\AndroidManifest.xml:26:13-43
39            android:exported="true" >
39-->src\main\AndroidManifest.xml:27:13-36
40            <intent-filter>
40-->src\main\AndroidManifest.xml:28:13-32:29
41                <action android:name="android.intent.action.MAIN" />
41-->src\main\AndroidManifest.xml:29:17-69
41-->src\main\AndroidManifest.xml:29:25-66
42
43                <category android:name="android.intent.category.LAUNCHER" />
43-->src\main\AndroidManifest.xml:31:17-77
43-->src\main\AndroidManifest.xml:31:27-74
44            </intent-filter>
45        </activity>
46        <activity
46-->src\main\AndroidManifest.xml:34:9-36:40
47            android:name="com.example.oneus.MainActivity"
47-->src\main\AndroidManifest.xml:35:13-41
48            android:exported="false" />
48-->src\main\AndroidManifest.xml:36:13-37
49        <activity
49-->src\main\AndroidManifest.xml:38:9-40:51
50            android:name="com.dsphotoeditor.sdk.activity.DsPhotoEditorActivity"
50-->src\main\AndroidManifest.xml:39:13-80
51            android:screenOrientation="portrait" />
51-->src\main\AndroidManifest.xml:40:13-49
52        <activity
52-->src\main\AndroidManifest.xml:42:9-44:51
53            android:name="com.dsphotoeditor.sdk.activity.DsPhotoEditorStickerActivity"
53-->src\main\AndroidManifest.xml:43:13-87
54            android:screenOrientation="portrait" />
54-->src\main\AndroidManifest.xml:44:13-49
55        <activity
55-->src\main\AndroidManifest.xml:46:9-49:55
56            android:name="com.dsphotoeditor.sdk.activity.DsPhotoEditorTextActivity"
56-->src\main\AndroidManifest.xml:47:13-84
57            android:screenOrientation="portrait"
57-->src\main\AndroidManifest.xml:48:13-49
58            android:windowSoftInputMode="adjustPan" />
58-->src\main\AndroidManifest.xml:49:13-52
59        <activity
59-->src\main\AndroidManifest.xml:51:9-53:51
60            android:name="com.dsphotoeditor.sdk.activity.DsPhotoEditorCropActivity"
60-->src\main\AndroidManifest.xml:52:13-84
61            android:screenOrientation="portrait" />
61-->src\main\AndroidManifest.xml:53:13-49
62        <activity
62-->src\main\AndroidManifest.xml:55:9-57:52
63            android:name="com.dsphotoeditor.sdk.activity.DsPhotoEditorDrawActivity"
63-->src\main\AndroidManifest.xml:56:13-84
64            android:screenOrientation="portrait" />
64-->src\main\AndroidManifest.xml:57:13-49
65
66        <provider
66-->[com.squareup.picasso:picasso:2.71828] AndroidManifest.xml:8:9-11:40
67            android:name="com.squareup.picasso.PicassoProvider"
67-->[com.squareup.picasso:picasso:2.71828] AndroidManifest.xml:9:13-64
68            android:authorities="com.example.oneus.com.squareup.picasso"
68-->[com.squareup.picasso:picasso:2.71828] AndroidManifest.xml:10:13-72
69            android:exported="false" />
69-->[com.squareup.picasso:picasso:2.71828] AndroidManifest.xml:11:13-37
70        <provider
70-->[androidx.emoji2:emoji2:1.0.0] AndroidManifest.xml:26:9-34:20
71            android:name="androidx.startup.InitializationProvider"
71-->[androidx.emoji2:emoji2:1.0.0] AndroidManifest.xml:27:13-67
72            android:authorities="com.example.oneus.androidx-startup"
72-->[androidx.emoji2:emoji2:1.0.0] AndroidManifest.xml:28:13-68
73            android:exported="false" >
73-->[androidx.emoji2:emoji2:1.0.0] AndroidManifest.xml:29:13-37
74            <meta-data
74-->[androidx.emoji2:emoji2:1.0.0] AndroidManifest.xml:31:13-33:52
75                android:name="androidx.emoji2.text.EmojiCompatInitializer"
75-->[androidx.emoji2:emoji2:1.0.0] AndroidManifest.xml:32:17-75
76                android:value="androidx.startup" />
76-->[androidx.emoji2:emoji2:1.0.0] AndroidManifest.xml:33:17-49
77            <meta-data
77-->[androidx.lifecycle:lifecycle-process:2.4.0] AndroidManifest.xml:31:13-33:52
78                android:name="androidx.lifecycle.ProcessLifecycleInitializer"
78-->[androidx.lifecycle:lifecycle-process:2.4.0] AndroidManifest.xml:32:17-78
79                android:value="androidx.startup" />
79-->[androidx.lifecycle:lifecycle-process:2.4.0] AndroidManifest.xml:33:17-49
80        </provider>
81    </application>
82
83</manifest>